Poprawne logowanie bartek Wed Jan  8 07:59:33 2020
Poprawne logowanie bartek Thu Jan  9 08:00:08 2020
Poprawne logowanie bartek Thu Jan  9 08:05:42 2020
Bledne logowanie  Thu Jan  9 23:0::05 20`-ô%/V
Poprawne logowanie bartek Thu Jan 16 02:18:58 2020
Poprawne logowanie bartek Thu Jan 16 02:22:49 2020
Poprawne logowanie bartek Thu Jan 16 02:25:14 2020
Poprawne logowanie bartek Thu Jan 16 02:29:11 2020
Bledne logowanie BARTEK !Thu Jan 16 02:29:35 2020
Poprawne logowanie bartek Fri Jan 17 12:09:56 2020
Poprawne logowanie bartek Fri Jan 17 12:10:28 2020
Poprawne logowanie bartek Fri Jan 17 12:11:04 2020
Poprawne logowanie tomasz Fri Jan 17 12:11:35 2020
Poprawne logowanie bartek Fri Jan 24 18:25:02 2020
Poprawne logowanie bartek Fri Jan 24 18:25:30 2020
Poprawne logowanie bartek Fri Jan 24 18:52:51 2020
Poprawne logowanie bartek Fri Jan 24 18:59:22 2020
Poprawne logowanie bartek Sat Jan 25 18:18:13 2020
Poprawne logowanie bartek Sun Jan 26 14:25:46 2020
Poprawne logowanie bartek Mon Jan 27 21:45:20 2020
Poprawne logowanie bartek Mon Jan 27 21:58:47 2020
Poprawne logowanie bartek Mon Jan 27 22:06:08 2020
Poprawne logowanie bartek Mon Jan 27 22:16:05 2020
Poprawne logowanie bartek Mon Jan 27 22:51:10 2020
Poprawne logowanie bartek Mon Jan 27 23:51:55 2020
Bledne logowanie bartek !Tue Jan 28 07:37:15 2020
Poprawne logowanie bartek Tue Jan 28 07:37:24 2020
